<?xml version="1.0" encoding="UTF-8"?>
<testsuite name="ohtu.MultiplierTest" tests="1" skipped="0" failures="0" errors="0" timestamp="2017-03-30T23:04:12" hostname="EMANUELA-LENOVO" time="0.004">
  <properties/>
  <testcase name="kertominenToimii" classname="ohtu.MultiplierTest" time="0.004"/>
  <system-out><![CDATA[]]></system-out>
  <system-err><![CDATA[]]></system-err>
</testsuite>
